Sending build context to Docker daemon  52.23MB
Step 1/10 : FROM saltinfra/saltmaster AS saltmaster
latest: Pulling from saltinfra/saltmaster
6b98dfc16071: Already exists
4001a1209541: Already exists
6319fc68c576: Already exists
b24603670dc3: Already exists
97f170c87c6f: Already exists
4cd99cb436ef: Already exists
59aec8481c7a: Already exists
3f5bd6c80fd8: Already exists
0eb9fc90b9f5: Already exists
cfee1d8e6deb: Already exists
27f188fe616f: Already exists
a26eb0b26b3c: Already exists
4842ec314108: Already exists
f30f9a7b8d36: Already exists
8f6e89f61cc3: Already exists
4c029b82c7c9: Already exists
ffad3ea2f5ac: Already exists
Digest: sha256:47a21b6b17c010481efdeca7fc7eb5910e35f7e545808d5def3f80655d54ed2b
Status: Downloaded newer image for saltinfra/saltmaster:latest
 ---> aef96cc7c52a
Step 2/10 : EXPOSE 4505
 ---> Running in 410b6571cefa
Removing intermediate container 410b6571cefa
 ---> 39c5809425de
Step 3/10 : EXPOSE 4506
 ---> Running in 7995066ee0de
Removing intermediate container 7995066ee0de
 ---> a09d0ab4fdeb
Step 4/10 : VOLUME saltstack/file_root, /srv
 ---> Running in 08a3dc5c47e7
Removing intermediate container 08a3dc5c47e7
 ---> 584bc4e70228
Step 5/10 : ENV DEBIAN_FRONTEND noninteractive
 ---> Running in d93e4b732d44
Removing intermediate container d93e4b732d44
 ---> 136ae8889213
Step 6/10 : ENV SALT_HOME /srv/salt
 ---> Running in e518bd46a86f
Removing intermediate container e518bd46a86f
 ---> 36fbc36667b9
Step 7/10 : COPY saltstack/config/master /etc/salt/master
 ---> 559e0b90ade1
Step 8/10 : COPY hosts/saltmaster/.keys/salt/saltmaster.pem /etc/salt/pki/master/saltmaster.pem
 ---> 829d3058a543
Step 9/10 : COPY hosts/saltmaster/.keys/salt/saltmaster.pub /etc/salt/pki/master/saltmaster.pub
 ---> a7c203c946a0
Step 10/10 : COPY saltstack/file_root/* srv/
 ---> 4a7c68d00807
Successfully built 4a7c68d00807
Successfully tagged saltmaster:latest
